This file contains any messages produced by compilers while
running configure, to aid debugging if configure makes a mistake.

It was created by GNU libmicrohttpd configure 0.9.75, which was
generated by GNU Autoconf 2.71.  Invocation command line was

  $ /home/arun/Desktop/untouched/checkcbox-libmicrohttpd/configure

## --------- ##
## Platform. ##
## --------- ##

hostname = arun-GL65-Leopard-10SEK
uname -m = x86_64
uname -r = 5.19.0-38-generic
uname -s = Linux
uname -v = #39~22.04.1-Ubuntu SMP PREEMPT_DYNAMIC Fri Mar 17 21:16:15 UTC 2

/usr/bin/uname -p = x86_64
/bin/uname -X     = unknown

/bin/arch              = x86_64
/usr/bin/arch -k       = unknown
/usr/convex/getsysinfo = unknown
/usr/bin/hostinfo      = unknown
/bin/machine           = unknown
/usr/bin/oslevel       = unknown
/bin/universe          = unknown

PATH: /home/linuxbrew/.linuxbrew/bin/
PATH: /home/linuxbrew/.linuxbrew/sbin/
PATH: /home/arun/.local/bin/
PATH: /usr/local/go/bin/
PATH: /usr/local/sbin/
PATH: /usr/local/bin/
PATH: /usr/sbin/
PATH: /usr/bin/
PATH: /sbin/
PATH: /bin/
PATH: /usr/games/
PATH: /usr/local/games/
PATH: /snap/bin/
PATH: /snap/bin/
PATH: /home/arun/go/bin/
PATH: /usr/bin/
PATH: /bin/
PATH: /bin/
PATH: /snap/clion/234/bin/ninja/linux/x64/


## ----------- ##
## Core tests. ##
## ----------- ##

configure:3113: looking for aux files: ltmain.sh compile config.guess config.sub missing install-sh
configure:3126:  trying /home/arun/Desktop/untouched/checkcbox-libmicrohttpd/build-aux/
configure:3155:   /home/arun/Desktop/untouched/checkcbox-libmicrohttpd/build-aux/ltmain.sh found
configure:3155:   /home/arun/Desktop/untouched/checkcbox-libmicrohttpd/build-aux/compile found
configure:3155:   /home/arun/Desktop/untouched/checkcbox-libmicrohttpd/build-aux/config.guess found
configure:3155:   /home/arun/Desktop/untouched/checkcbox-libmicrohttpd/build-aux/config.sub found
configure:3155:   /home/arun/Desktop/untouched/checkcbox-libmicrohttpd/build-aux/missing found
configure:3137:   /home/arun/Desktop/untouched/checkcbox-libmicrohttpd/build-aux/install-sh found
configure:3301: checking whether z/OS special settings are required
configure:3320: result: no
configure:3328: checking for build type
configure:3358: result: neutral. Defaults: use only user-specified compiler and linker flags
configure:3447: checking for a BSD-compatible install
configure:3520: result: /usr/bin/install -c
configure:3531: checking whether build environment is sane
configure:3586: result: yes
configure:3745: checking for a race-free mkdir -p
configure:3789: result: /usr/bin/mkdir -p
configure:3796: checking for gawk
configure:3817: found /usr/bin/gawk
configure:3828: result: gawk
configure:3839: checking whether make sets $(MAKE)
configure:3862: result: yes
configure:3892: checking whether make supports nested variables
configure:3910: result: yes
configure:3927: error: source directory already configured; run "make distclean" there first

## ---------------- ##
## Cache variables. ##
## ---------------- ##

ac_cv_env_CC_set=
ac_cv_env_CC_value=
ac_cv_env_CFLAGS_set=
ac_cv_env_CFLAGS_value=
ac_cv_env_CPPFLAGS_set=
ac_cv_env_CPPFLAGS_value=
ac_cv_env_CPP_set=
ac_cv_env_CPP_value=
ac_cv_env_GNUTLS_CFLAGS_set=
ac_cv_env_GNUTLS_CFLAGS_value=
ac_cv_env_GNUTLS_LIBS_set=
ac_cv_env_GNUTLS_LIBS_value=
ac_cv_env_LDFLAGS_set=
ac_cv_env_LDFLAGS_value=
ac_cv_env_LIBS_set=
ac_cv_env_LIBS_value=
ac_cv_env_LT_SYS_LIBRARY_PATH_set=
ac_cv_env_LT_SYS_LIBRARY_PATH_value=
ac_cv_env_PKG_CONFIG_LIBDIR_set=
ac_cv_env_PKG_CONFIG_LIBDIR_value=
ac_cv_env_PKG_CONFIG_PATH_set=
ac_cv_env_PKG_CONFIG_PATH_value=
ac_cv_env_PKG_CONFIG_set=
ac_cv_env_PKG_CONFIG_value=
ac_cv_env_build_alias_set=
ac_cv_env_build_alias_value=
ac_cv_env_host_alias_set=
ac_cv_env_host_alias_value=
ac_cv_env_target_alias_set=
ac_cv_env_target_alias_value=
ac_cv_path_install='/usr/bin/install -c'
ac_cv_path_mkdir=/usr/bin/mkdir
ac_cv_prog_AWK=gawk
ac_cv_prog_make_make_set=yes
am_cv_make_support_nested_variables=yes

## ----------------- ##
## Output variables. ##
## ----------------- ##

ACLOCAL=''
AMDEPBACKSLASH=''
AMDEP_FALSE=''
AMDEP_TRUE=''
AMTAR=''
AM_ASAN_OPTIONS=''
AM_BACKSLASH='\'
AM_DEFAULT_V='$(AM_DEFAULT_VERBOSITY)'
AM_DEFAULT_VERBOSITY='1'
AM_LSAN_OPTIONS=''
AM_UBSAN_OPTIONS=''
AM_V='$(V)'
AR=''
AS=''
AUTOCONF=''
AUTOHEADER=''
AUTOMAKE=''
AWK='gawk'
BUILD_DOC_FALSE=''
BUILD_DOC_TRUE=''
BUILD_EXAMPLES_FALSE=''
BUILD_EXAMPLES_TRUE=''
CC=''
CCDEPMODE=''
CFLAGS=''
CFLAGS_ac=''
CPP=''
CPPFLAGS=''
CPPFLAGS_ac=''
CPU_COUNT=''
CSCOPE=''
CTAGS=''
CYGPATH_W=''
CYGWIN_TARGET_FALSE=''
CYGWIN_TARGET_TRUE=''
DEFS=''
DEPDIR=''
DISABLE_THREADS_FALSE=''
DISABLE_THREADS_TRUE=''
DLLTOOL=''
DSYMUTIL=''
DUMPBIN=''
ECHO_C=''
ECHO_N='-n'
ECHO_T=''
EGREP=''
EMPTY_VAR=''
ENABLE_BAUTH_FALSE=''
ENABLE_BAUTH_TRUE=''
ENABLE_COOKIE_FALSE=''
ENABLE_COOKIE_TRUE=''
ENABLE_DAUTH_FALSE=''
ENABLE_DAUTH_TRUE=''
ENABLE_HTTPS_FALSE=''
ENABLE_HTTPS_TRUE=''
ENABLE_MD5_EXT_FALSE=''
ENABLE_MD5_EXT_TRUE=''
ENABLE_MD5_FALSE=''
ENABLE_MD5_TRUE=''
ENABLE_SHA256_EXT_FALSE=''
ENABLE_SHA256_EXT_TRUE=''
ENABLE_SHA256_FALSE=''
ENABLE_SHA256_TRUE=''
ENABLE_SHA512_256_FALSE=''
ENABLE_SHA512_256_TRUE=''
ENABLE_UPGRADE_FALSE=''
ENABLE_UPGRADE_TRUE=''
ETAGS=''
EXEEXT=''
FGREP=''
GNULIB_MDA_LFIND=''
GNULIB_MDA_LSEARCH=''
GNULIB_TSEARCH=''
GNUTLS_CFLAGS=''
GNUTLS_CPPFLAGS=''
GNUTLS_LDFLAGS=''
GNUTLS_LIBS=''
GREP=''
HAVE_ANYAUTH_FALSE=''
HAVE_ANYAUTH_TRUE=''
HAVE_CURL_BINARY=''
HAVE_CURL_BINARY_FALSE=''
HAVE_CURL_BINARY_TRUE=''
HAVE_EXPERIMENTAL_FALSE=''
HAVE_EXPERIMENTAL_TRUE=''
HAVE_FORK_WAITPID_FALSE=''
HAVE_FORK_WAITPID_TRUE=''
HAVE_GNUTLS_FALSE=''
HAVE_GNUTLS_MTHREAD_BROKEN_FALSE=''
HAVE_GNUTLS_MTHREAD_BROKEN_TRUE=''
HAVE_GNUTLS_SNI_FALSE=''
HAVE_GNUTLS_SNI_TRUE=''
HAVE_GNUTLS_TRUE=''
HAVE_LISTEN_SHUTDOWN_FALSE=''
HAVE_LISTEN_SHUTDOWN_TRUE=''
HAVE_MAKEINFO_BINARY=''
HAVE_MAKEINFO_BINARY_FALSE=''
HAVE_MAKEINFO_BINARY_TRUE=''
HAVE_POSIX_THREADS_FALSE=''
HAVE_POSIX_THREADS_TRUE=''
HAVE_POSTPROCESSOR_FALSE=''
HAVE_POSTPROCESSOR_TRUE=''
HAVE_TSEARCH=''
HAVE_TWALK=''
HAVE_W32_FALSE=''
HAVE_W32_TRUE=''
HAVE_ZLIB_FALSE=''
HAVE_ZLIB_TRUE=''
HEAVY_TESTS_FALSE=''
HEAVY_TESTS_NOTPARALLEL=''
HEAVY_TESTS_TRUE=''
HIDDEN_VISIBILITY_CFLAGS=''
HTTPS_REQUIRE_GCRYPT_FALSE=''
HTTPS_REQUIRE_GCRYPT_TRUE=''
INSTALL_DATA='${INSTALL} -m 644'
INSTALL_PROGRAM='${INSTALL}'
INSTALL_SCRIPT='${INSTALL}'
INSTALL_STRIP_PROGRAM='$(install_sh) -c -s'
LD=''
LDFLAGS=''
LDFLAGS_ac=''
LIBCURL=''
LIBCURL_CPPFLAGS=''
LIBGCRYPT_CFLAGS=''
LIBGCRYPT_CONFIG=''
LIBGCRYPT_LIBS=''
LIBOBJS=''
LIBS=''
LIBTOOL=''
LIB_VERSION_AGE='60'
LIB_VERSION_CURRENT='72'
LIB_VERSION_REVISION='0'
LIPO=''
LN_S=''
LTLIBOBJS=''
LT_SYS_LIBRARY_PATH=''
MAKEINFO=''
MANIFEST_TOOL=''
MHD_HAVE_EPOLL_FALSE=''
MHD_HAVE_EPOLL_TRUE=''
MHD_HAVE_LIBMAGIC_FALSE=''
MHD_HAVE_LIBMAGIC_TRUE=''
MHD_HAVE_TLS_PLUGIN_FALSE=''
MHD_HAVE_TLS_PLUGIN_TRUE=''
MHD_HAVE_TSEARCH_FALSE=''
MHD_HAVE_TSEARCH_TRUE=''
MHD_LIBDEPS=''
MHD_LIBDEPS_PKGCFG=''
MHD_LIB_CFLAGS=''
MHD_LIB_CPPFLAGS=''
MHD_LIB_LDFLAGS=''
MHD_PLUGIN_INSTALL_PREFIX=''
MHD_REQ_PRIVATE=''
MHD_TLS_LIBDEPS=''
MHD_TLS_LIB_CFLAGS=''
MHD_TLS_LIB_CPPFLAGS=''
MHD_TLS_LIB_LDFLAGS=''
MHD_W32_DLL_SUFF='12'
MKDIR_P='/usr/bin/mkdir -p'
MS_LIB_TOOL=''
NM=''
NMEDIT=''
OBJDUMP=''
OBJEXT=''
OTOOL64=''
OTOOL=''
PACKAGE=''
PACKAGE_BUGREPORT='libmicrohttpd@gnu.org'
PACKAGE_NAME='GNU libmicrohttpd'
PACKAGE_STRING='GNU libmicrohttpd 0.9.75'
PACKAGE_TARNAME='libmicrohttpd'
PACKAGE_URL='https://www.gnu.org/software/libmicrohttpd/'
PACKAGE_VERSION='0.9.75'
PACKAGE_VERSION_MAJOR='0'
PACKAGE_VERSION_MINOR='9'
PACKAGE_VERSION_SUBMINOR='75'
PATH_SEPARATOR=':'
PKG_CONFIG=''
PKG_CONFIG_LIBDIR=''
PKG_CONFIG_PATH=''
PTHREAD_CC=''
PTHREAD_CFLAGS=''
PTHREAD_CXX=''
PTHREAD_LIBS=''
RANLIB=''
RC=''
REPLACE_TSEARCH=''
RUN_LIBCURL_TESTS_FALSE=''
RUN_LIBCURL_TESTS_TRUE=''
RUN_ZZUF_TESTS_FALSE=''
RUN_ZZUF_TESTS_TRUE=''
SED=''
SET_MAKE=''
SHELL='/bin/bash'
STRIP=''
TESTS_ENVIRONMENT_ac=''
USE_COVERAGE_FALSE=''
USE_COVERAGE_TRUE=''
USE_EXPORT_FILE_FALSE=''
USE_EXPORT_FILE_TRUE=''
USE_MS_LIB_TOOL_FALSE=''
USE_MS_LIB_TOOL_TRUE=''
USE_POSIX_THREADS_FALSE=''
USE_POSIX_THREADS_TRUE=''
USE_SANITIZERS_FALSE=''
USE_SANITIZERS_TRUE=''
USE_THREADS_FALSE=''
USE_THREADS_TRUE=''
USE_UPGRADE_TLS_TESTS_FALSE=''
USE_UPGRADE_TLS_TESTS_TRUE=''
USE_W32_THREADS_FALSE=''
USE_W32_THREADS_TRUE=''
VERSION=''
W32CRT=''
W32_SHARED_LIB_EXP_FALSE=''
W32_SHARED_LIB_EXP_TRUE=''
W32_STATIC_LIB_FALSE=''
W32_STATIC_LIB_TRUE=''
_libcurl_config=''
ac_configure_args=''
ac_ct_AR=''
ac_ct_CC=''
ac_ct_DUMPBIN=''
am__EXEEXT_FALSE=''
am__EXEEXT_TRUE=''
am__fastdepCC_FALSE=''
am__fastdepCC_TRUE=''
am__include=''
am__isrc=' -I$(srcdir)'
am__leading_dot='.'
am__nodep=''
am__quote=''
am__tar=''
am__untar=''
ax_pthread_config=''
bindir='${exec_prefix}/bin'
build=''
build_alias=''
build_cpu=''
build_os=''
build_vendor=''
datadir='${datarootdir}'
datarootdir='${prefix}/share'
docdir='${datarootdir}/doc/${PACKAGE_TARNAME}'
dvidir='${docdir}'
exec_prefix='NONE'
have_socat=''
have_zzuf=''
host=''
host_alias=''
host_cpu=''
host_os=''
host_vendor=''
htmldir='${docdir}'
includedir='${prefix}/include'
infodir='${datarootdir}/info'
install_sh='${SHELL} /home/arun/Desktop/untouched/checkcbox-libmicrohttpd/build-aux/install-sh'
libdir='${exec_prefix}/lib'
libexecdir='${exec_prefix}/libexec'
localedir='${datarootdir}/locale'
localstatedir='${prefix}/var'
lt_cv_objdir=''
mandir='${datarootdir}/man'
mkdir_p=''
oldincludedir='/usr/include'
pdfdir='${docdir}'
prefix='NONE'
program_transform_name='s,x,x,'
psdir='${docdir}'
runstatedir='${localstatedir}/run'
sbindir='${exec_prefix}/sbin'
sharedstatedir='${prefix}/com'
sysconfdir='${prefix}/etc'
target_alias=''

## ----------- ##
## confdefs.h. ##
## ----------- ##

/* confdefs.h */
#define PACKAGE_NAME "GNU libmicrohttpd"
#define PACKAGE_TARNAME "libmicrohttpd"
#define PACKAGE_VERSION "0.9.75"
#define PACKAGE_STRING "GNU libmicrohttpd 0.9.75"
#define PACKAGE_BUGREPORT "libmicrohttpd@gnu.org"
#define PACKAGE_URL "https://www.gnu.org/software/libmicrohttpd/"

configure: exit 1
